<?xml version="1.0" encoding="UTF-8"?>
<!-- Generated by org.testng.reporters.JUnitReportReporter -->
<testsuite skipped="0" hostname="DESKTOP-174HOQR" name="readexceldata.FBLogin_ExcelUtils" tests="1" failures="0" timestamp="2020-11-16T16:26:41 EST" time="118.027" errors="0">
  <testcase name="f" time="118.027" classname="readexceldata.FBLogin_ExcelUtils"/>
  <system-out/>
</testsuite> <!-- readexceldata.FBLogin_ExcelUtils -->
