<?xml version="1.0" encoding="UTF-8"?>
<!-- Generated by org.testng.reporters.JUnitReportReporter -->
<testsuite skipped="0" hostname="DESKTOP-174HOQR" name="readexceldata.DataProviderSample1" tests="3" failures="0" timestamp="2020-10-31T10:42:08 EDT" time="95.720" errors="0">
  <testcase name="f" time="38.221" classname="readexceldata.DataProviderSample1"/>
  <system-out/>
  <testcase name="f" time="36.770" classname="readexceldata.DataProviderSample1"/>
  <system-out/>
  <testcase name="f" time="20.729" classname="readexceldata.DataProviderSample1"/>
  <system-out/>
</testsuite> <!-- readexceldata.DataProviderSample1 -->
