<?xml version="1.0" encoding="UTF-8"?>
<!-- Generated by org.testng.reporters.JUnitReportReporter -->
<testsuite skipped="0" hostname="DESKTOP-174HOQR" name="readexceldata.TirupatiBalaji_Login" tests="1" failures="0" timestamp="2020-11-04T12:27:39 EST" time="25.203" errors="0">
  <testcase name="balaji_register" time="25.203" classname="readexceldata.TirupatiBalaji_Login"/>
  <system-out/>
</testsuite> <!-- readexceldata.TirupatiBalaji_Login -->
