<?xml version="1.0" encoding="UTF-8"?>
<!-- Generated by org.testng.reporters.JUnitReportReporter -->
<testsuite skipped="0" hostname="DESKTOP-174HOQR" name="readexceldata.DataProviderSample2" tests="4" failures="0" timestamp="2020-11-02T10:39:22 EST" time="84.123" errors="0">
  <testcase name="gmailLogin" time="20.439" classname="readexceldata.DataProviderSample2"/>
  <system-out/>
  <testcase name="gmailLogin" time="20.130" classname="readexceldata.DataProviderSample2"/>
  <system-out/>
  <testcase name="gmailLogin" time="20.398" classname="readexceldata.DataProviderSample2"/>
  <system-out/>
  <testcase name="gmailLogin" time="23.156" classname="readexceldata.DataProviderSample2"/>
  <system-out/>
</testsuite> <!-- readexceldata.DataProviderSample2 -->
