<?xml version="1.0" encoding="UTF-8"?>
<!-- Generated by org.testng.reporters.JUnitReportReporter -->
<testsuite skipped="0" hostname="DESKTOP-174HOQR" name="readexceldata.GoogleSearch_Sample" tests="1" failures="0" timestamp="2020-11-04T12:18:54 EST" time="73.724" errors="0">
  <testcase name="f" time="73.724" classname="readexceldata.GoogleSearch_Sample"/>
  <system-out/>
</testsuite> <!-- readexceldata.GoogleSearch_Sample -->
