<?xml version="1.0" encoding="UTF-8"?>
<!-- Generated by org.testng.reporters.JUnitReportReporter -->
<testsuite skipped="0" hostname="DESKTOP-174HOQR" name="writeexceldata.NewTest" tests="1" failures="0" timestamp="2020-11-11T12:23:05 EST" time="0.846" errors="0">
  <testcase name="f" time="0.846" classname="writeexceldata.NewTest"/>
  <system-out/>
</testsuite> <!-- writeexceldata.NewTest -->
