<?xml version="1.0" encoding="UTF-8"?>
<!-- Generated by org.testng.reporters.JUnitReportReporter -->
<testsuite skipped="0" hostname="DESKTOP-174HOQR" name="readexceldata.GoogleSearch_Sample" tests="1" failures="0" timestamp="2020-11-02T13:01:06 EST" time="82.423" errors="0">
  <testcase name="f" time="82.423" classname="readexceldata.GoogleSearch_Sample"/>
  <system-out/>
</testsuite> <!-- readexceldata.GoogleSearch_Sample -->
