<?xml version="1.0" encoding="UTF-8"?>
<!-- Generated by org.testng.reporters.JUnitReportReporter -->
<testsuite skipped="0" hostname="DESKTOP-174HOQR" name="readexceldata.FBLogin" tests="1" failures="0" timestamp="2020-11-02T21:11:18 EST" time="130.496" errors="0">
  <testcase name="f" time="130.496" classname="readexceldata.FBLogin"/>
  <system-out/>
</testsuite> <!-- readexceldata.FBLogin -->
