<?xml version="1.0" encoding="UTF-8"?>
<!-- Generated by org.testng.reporters.JUnitReportReporter -->
<testsuite skipped="0" hostname="DESKTOP-174HOQR" name="readexceldata.Program1" tests="1" failures="0" timestamp="2020-11-11T15:04:24 EST" time="63.087" errors="0">
  <testcase name="f" time="63.087" classname="readexceldata.Program1"/>
  <system-out/>
</testsuite> <!-- readexceldata.Program1 -->
