<?xml version="1.0" encoding="UTF-8"?>
<!-- Generated by org.testng.reporters.JUnitReportReporter -->
<testsuite skipped="0" hostname="DESKTOP-174HOQR" name="readexceldata.SimpleInterest2" tests="1" failures="0" timestamp="2020-11-03T12:46:46 EST" time="23.810" errors="0">
  <testcase name="f" time="23.810" classname="readexceldata.SimpleInterest2"/>
  <system-out/>
</testsuite> <!-- readexceldata.SimpleInterest2 -->
