<?xml version="1.0" encoding="UTF-8"?>
<!-- Generated by org.testng.reporters.JUnitReportReporter -->
<testsuite skipped="0" hostname="DESKTOP-174HOQR" name="readexceldata.TirupatiBalaji_Login" tests="1" failures="0" timestamp="2020-11-03T14:41:20 EST" time="27.711" errors="0">
  <testcase name="balaji_register" time="27.711" classname="readexceldata.TirupatiBalaji_Login"/>
  <system-out/>
</testsuite> <!-- readexceldata.TirupatiBalaji_Login -->
