<?xml version="1.0" encoding="UTF-8"?>
<!-- Generated by org.testng.reporters.JUnitReportReporter -->
<testsuite skipped="0" hostname="DESKTOP-174HOQR" name="readexceldata.Google_Sample" tests="1" failures="0" timestamp="2020-10-30T10:41:52 EDT" time="15.066" errors="0">
  <testcase name="f" time="15.066" classname="readexceldata.Google_Sample"/>
  <system-out/>
</testsuite> <!-- readexceldata.Google_Sample -->
