<?xml version="1.0" encoding="UTF-8"?>
<!-- Generated by org.testng.reporters.JUnitReportReporter -->
<testsuite skipped="0" hostname="DESKTOP-174HOQR" name="readexceldata.ReadExcelDataLib" tests="1" failures="0" timestamp="2020-11-16T10:21:25 EST" time="0.669" errors="0">
  <testcase name="f" time="0.669" classname="readexceldata.ReadExcelDataLib"/>
  <system-out/>
</testsuite> <!-- readexceldata.ReadExcelDataLib -->
