<?xml version="1.0" encoding="UTF-8"?>
<!-- Generated by org.testng.reporters.JUnitReportReporter -->
<testsuite skipped="0" hostname="DESKTOP-174HOQR" name="readexceldata.GoogleSearch_Sample" tests="1" failures="0" timestamp="2020-11-04T10:15:40 EST" time="76.358" errors="0">
  <testcase name="f" time="76.358" classname="readexceldata.GoogleSearch_Sample"/>
  <system-out/>
</testsuite> <!-- readexceldata.GoogleSearch_Sample -->
