<?xml version="1.0" encoding="UTF-8"?>
<!-- Generated by org.testng.reporters.JUnitReportReporter -->
<testsuite skipped="0" hostname="DESKTOP-174HOQR" name="readexceldata.SimpleInterest_Sample" tests="1" failures="0" timestamp="2020-11-04T10:36:18 EST" time="46.966" errors="0">
  <testcase name="f" time="46.966" classname="readexceldata.SimpleInterest_Sample"/>
  <system-out/>
</testsuite> <!-- readexceldata.SimpleInterest_Sample -->
