<?xml version="1.0" encoding="UTF-8"?>
<!-- Generated by org.testng.reporters.JUnitReportReporter -->
<testsuite skipped="0" hostname="DESKTOP-174HOQR" name="readexceldata.TirupatiBalaji2_Login" tests="1" failures="0" timestamp="2020-11-04T08:48:09 EST" time="30.046" errors="0">
  <testcase name="f" time="30.046" classname="readexceldata.TirupatiBalaji2_Login"/>
  <system-out/>
</testsuite> <!-- readexceldata.TirupatiBalaji2_Login -->
