<?xml version="1.0" encoding="UTF-8"?>
<!-- Generated by org.testng.reporters.JUnitReportReporter -->
<testsuite skipped="0" hostname="DESKTOP-174HOQR" name="readexceldata.test" tests="1" failures="0" timestamp="2020-10-31T11:57:19 EDT" time="26.876" errors="0">
  <testcase name="f" time="26.876" classname="readexceldata.test"/>
  <system-out/>
</testsuite> <!-- readexceldata.test -->
