<?xml version="1.0" encoding="UTF-8"?>
<!-- Generated by org.testng.reporters.JUnitReportReporter -->
<testsuite skipped="0" hostname="DESKTOP-174HOQR" name="readexceldata.Readexcelsheet10" tests="1" failures="0" timestamp="2020-11-16T09:09:03 EST" time="1.300" errors="0">
  <testcase name="f" time="1.300" classname="readexceldata.Readexcelsheet10"/>
  <system-out/>
</testsuite> <!-- readexceldata.Readexcelsheet10 -->
